     1                                  ;nasm -f elf -l hello.lst hello.asm
     2                                  ;gcc -o hello hello.o
     3                                  SECTION .data
     4                                  
     5 00000000 48454C4C4F20574F52-     msg: db "HELLO WORLD",10
     6 00000009 4C440A             
     7                                  len: equ $-msg
     8                                  
     9                                  SECTION .text
    10                                  	global main
    11                                  main:
    12 00000000 BA0C000000              	mov edx,len
    13 00000005 B9[00000000]            	mov ecx,msg
    14 0000000A BB01000000              	mov ebx,1
    15 0000000F B804000000              	mov eax,4
    16 00000014 CD80                    	int 0x80
    17                                  
    18 00000016 BB00000000              	mov ebx,0
    19 0000001B B801000000              	mov eax,1
    20 00000020 CD80                    	int 0x80
